Determining if the pthread_create exist failed with the following output:
Change Dir: /home/arq/wael/catkin_ws/build/CMakeFiles/CMakeTmp

Run Build Command:"/usr/bin/make" "cmTC_107ee/fast"
/usr/bin/make -f CMakeFiles/cmTC_107ee.dir/build.make CMakeFiles/cmTC_107ee.dir/build
make[1]: Entering directory '/home/arq/wael/catkin_ws/build/CMakeFiles/CMakeTmp'
Building C object CMakeFiles/cmTC_107ee.dir/CheckSymbolExists.c.o
/usr/bin/cc     -o CMakeFiles/cmTC_107ee.dir/CheckSymbolExists.c.o   -c /home/arq/wael/catkin_ws/build/CMakeFiles/CMakeTmp/CheckSymbolExists.c
Linking C executable cmTC_107ee
/usr/bin/cmake -E cmake_link_script CMakeFiles/cmTC_107ee.dir/link.txt --verbose=1
/usr/bin/cc       CMakeFiles/cmTC_107ee.dir/CheckSymbolExists.c.o  -o cmTC_107ee -rdynamic 
CMakeFiles/cmTC_107ee.dir/CheckSymbolExists.c.o: In function `main':
CheckSymbolExists.c:(.text+0x16): undefined reference to `pthread_create'
collect2: error: ld returned 1 exit status
CMakeFiles/cmTC_107ee.dir/build.make:97: recipe for target 'cmTC_107ee' failed
make[1]: *** [cmTC_107ee] Error 1
make[1]: Leaving directory '/home/arq/wael/catkin_ws/build/CMakeFiles/CMakeTmp'
Makefile:126: recipe for target 'cmTC_107ee/fast' failed
make: *** [cmTC_107ee/fast] Error 2

File /home/arq/wael/catkin_ws/build/CMakeFiles/CMakeTmp/CheckSymbolExists.c:
/* */
#include <pthread.h>

int main(int argc, char** argv)
{
  (void)argv;
#ifndef pthread_create
  return ((int*)(&pthread_create))[argc];
#else
  (void)argc;
  return 0;
#endif
}

Determining if the function pthread_create exists in the pthreads failed with the following output:
Change Dir: /home/arq/wael/catkin_ws/build/CMakeFiles/CMakeTmp

Run Build Command:"/usr/bin/make" "cmTC_9945d/fast"
/usr/bin/make -f CMakeFiles/cmTC_9945d.dir/build.make CMakeFiles/cmTC_9945d.dir/build
make[1]: Entering directory '/home/arq/wael/catkin_ws/build/CMakeFiles/CMakeTmp'
Building C object CMakeFiles/cmTC_9945d.dir/CheckFunctionExists.c.o
/usr/bin/cc    -DCHECK_FUNCTION_EXISTS=pthread_create   -o CMakeFiles/cmTC_9945d.dir/CheckFunctionExists.c.o   -c /usr/share/cmake-3.5/Modules/CheckFunctionExists.c
Linking C executable cmTC_9945d
/usr/bin/cmake -E cmake_link_script CMakeFiles/cmTC_9945d.dir/link.txt --verbose=1
/usr/bin/cc   -DCHECK_FUNCTION_EXISTS=pthread_create    CMakeFiles/cmTC_9945d.dir/CheckFunctionExists.c.o  -o cmTC_9945d -rdynamic -lpthreads 
/usr/bin/ld: cannot find -lpthreads
collect2: error: ld returned 1 exit status
CMakeFiles/cmTC_9945d.dir/build.make:97: recipe for target 'cmTC_9945d' failed
make[1]: *** [cmTC_9945d] Error 1
make[1]: Leaving directory '/home/arq/wael/catkin_ws/build/CMakeFiles/CMakeTmp'
Makefile:126: recipe for target 'cmTC_9945d/fast' failed
make: *** [cmTC_9945d/fast] Error 2


